<?xml version="1.0" encoding="UTF-8"?>
<testsuite name="Test with firefox"
           tests="8"
           failures="0"
           errors="0"
           skipped="0"
           time="26.419">
  <properties />
  
  
            <testcase name="Testcase_Newsfeed_Login_03_Login_With_Password_Incorrect" time="0.717" classname="Testcase.Testcase_Login" />
                <testcase name="Testcase_Newsfeed_Login_04_Login_With_Invalid_Password" time="0.715" classname="Testcase.Testcase_Login" />
                <testcase name="Testcase_Newsfeed_Login_07_Login_With_Valid_Phone" time="6.759" classname="Testcase.Testcase_Login" />
                <testcase name="Testcase_Newsfeed_Login_01_Login_With_Invalid_Information" time="0.821" classname="Testcase.Testcase_Login" />
                <testcase name="Testcase_Newsfeed_Login_05_Login_With_Invalid_Account" time="1.706" classname="Testcase.Testcase_Login" />
                <testcase name="Testcase_Newsfeed_Login_06_Login_With_Uppercase_Email" time="8.398" classname="Testcase.Testcase_Login" />
                <testcase name="Testcase_Newsfeed_Login_02_Login_With_UserName_Not_Existed_On_Hahalolo" time="0.737" classname="Testcase.Testcase_Login" />
                <testcase name="Testcase_Newsfeed_Login_06_Login_With_Valid_Account" time="6.566" classname="Testcase.Testcase_Login" />
      
</testsuite>
